<?xml version="1.0" encoding="UTF-8"?>
<!-- Generated by org.testng.reporters.JUnitReportReporter -->
<testsuite hostname="Naresh" failures="0" tests="7" name="com.automation.TestNGTestCases" time="2.832" errors="0" timestamp="2025-08-29T09:28:16 IST" skipped="0">
  <testcase classname="com.automation.TestNGTestCases" name="jsonFileTest" time="0.554">
    <system-out>
      <![CDATA[<span style="color: Red;">Password is matching and password is abc123</span>]]>
    </system-out>
  </testcase> <!-- jsonFileTest -->
  <testcase classname="com.automation.TestNGTestCases" name="excelFileTest" time="1.826">
    <system-out>
      <![CDATA[<span style="color: DarkGreen;">TypeOfLanguage showing as Object Oriendted Programming</span>]]>
    </system-out>
  </testcase> <!-- excelFileTest -->
  <testcase classname="com.automation.TestNGTestCases" name="xmlFileTest" time="0.276">
    <system-out>
      <![CDATA[<span style="color: Green;">XML Username is matching and password is User123</span>]]>
    </system-out>
  </testcase> <!-- xmlFileTest -->
  <testcase classname="com.automation.TestNGTestCases" name="excelFileTest2" time="0.150">
    <system-out>
      <![CDATA[<span style="color: Red;">TypeOfLanguage showing as Object Oriendted Programming1</span>]]>
    </system-out>
  </testcase> <!-- excelFileTest2 -->
  <testcase classname="com.automation.TestNGTestCases" name="jsonFileTest2" time="0.007">
    <system-out>
      <![CDATA[<span style="color: Green;">Username is matching and password is ABC123</span>]]>
    </system-out>
  </testcase> <!-- jsonFileTest2 -->
  <testcase classname="com.automation.TestNGTestCases" name="jsonFileTest2" time="0.012">
    <system-out>
      <![CDATA[<span style="color: Green;">Username is matching and password is ABC123</span>]]>
    </system-out>
  </testcase> <!-- jsonFileTest2 -->
  <testcase classname="com.automation.TestNGTestCases" name="jsonFileTest2" time="0.007">
    <system-out>
      <![CDATA[<span style="color: Green;">Username is matching and password is ABC123</span>]]>
    </system-out>
  </testcase> <!-- jsonFileTest2 -->
  <system-out>
    <![CDATA[<span style="color: Red;">Password is matching and password is abc123</span>
<span style="color: DarkGreen;">TypeOfLanguage showing as Object Oriendted Programming</span>
<span style="color: Green;">XML Username is matching and password is User123</span>
<span style="color: Red;">TypeOfLanguage showing as Object Oriendted Programming1</span>
<span style="color: Green;">Username is matching and password is ABC123</span>
<span style="color: Green;">Username is matching and password is ABC123</span>
<span style="color: Green;">Username is matching and password is ABC123</span>]]>
  </system-out>
</testsuite> <!-- com.automation.TestNGTestCases -->
