<?xml version="1.0" encoding="UTF-8"?>
<!-- Generated by org.testng.reporters.JUnitReportReporter -->
<testsuite hostname="Naresh" failures="0" tests="1" name="com.automation.ParametersTestNGTestCases" time="0.010" errors="0" timestamp="2025-08-29T09:25:19 IST" skipped="0">
  <testcase classname="com.automation.ParametersTestNGTestCases" name="primntParameters" time="0.010"/>
</testsuite> <!-- com.automation.ParametersTestNGTestCases -->
