<?xml version="1.0" encoding="UTF-8"?>
<!-- Generated by org.testng.reporters.JUnitReportReporter -->
<testsuite hostname="Naresh" failures="0" tests="4" name="com.automation.TestNGTestCases" time="1.091" errors="0" timestamp="2025-08-13T09:47:14 IST" skipped="0">
  <testcase classname="com.automation.TestNGTestCases" name="xmlFileTest" time="0.067"/>
  <testcase classname="com.automation.TestNGTestCases" name="jsonFileTest" time="0.187"/>
  <testcase classname="com.automation.TestNGTestCases" name="excelFileTest" time="0.757"/>
  <testcase classname="com.automation.TestNGTestCases" name="excelFileTest2" time="0.080"/>
</testsuite> <!-- com.automation.TestNGTestCases -->
